This file contains any messages produced by compilers while
running configure, to aid debugging if configure makes a mistake.

It was created by libuv configure 1.1.0, which was
generated by GNU Autoconf 2.69.  Invocation command line was

  $ ./configure 

## --------- ##
## Platform. ##
## --------- ##

hostname = michael-ubuntu
uname -m = x86_64
uname -r = 3.13.0-43-generic
uname -s = Linux
uname -v = #72-Ubuntu SMP Mon Dec 8 19:35:06 UTC 2014

/usr/bin/uname -p = unknown
/bin/uname -X     = unknown

/bin/arch              = unknown
/usr/bin/arch -k       = unknown
/usr/convex/getsysinfo = unknown
/usr/bin/hostinfo      = unknown
/bin/machine           = unknown
/usr/bin/oslevel       = unknown
/bin/universe          = unknown

PATH: /usr/local/sbin
PATH: /usr/local/bin
PATH: /usr/sbin
PATH: /usr/bin
PATH: /sbin
PATH: /bin
PATH: /usr/games
PATH: /usr/local/games


## ----------- ##
## Core tests. ##
## ----------- ##

configure:2248: checking for a BSD-compatible install
configure:2316: result: /usr/bin/install -c
configure:2327: checking whether build environment is sane
configure:2382: result: yes
configure:2533: checking for a thread-safe mkdir -p
configure:2572: result: /bin/mkdir -p
configure:2579: checking for gawk
configure:2595: found /usr/bin/gawk
configure:2606: result: gawk
configure:2617: checking whether make sets $(MAKE)
configure:2639: result: yes
configure:2668: checking whether make supports nested variables
configure:2685: result: yes
configure:2814: checking build system type
configure:2828: result: x86_64-unknown-linux-gnu
configure:2848: checking host system type
configure:2861: result: x86_64-unknown-linux-gnu
configure:2991: checking for gcc
configure:3007: found /usr/bin/gcc
configure:3018: result: gcc
configure:3247: checking for C compiler version
configure:3256: gcc --version >&5
gcc (Ubuntu 4.8.2-19ubuntu1) 4.8.2
Copyright (C) 2013 Free Software Foundation, Inc.
This is free software; see the source for copying conditions.  There is NO
warranty; not even for MERCHANTABILITY or FITNESS FOR A PARTICULAR PURPOSE.

configure:3267: $? = 0
configure:3256: gcc -v >&5
Using built-in specs.
COLLECT_GCC=gcc
COLLECT_LTO_WRAPPER=/usr/lib/gcc/x86_64-linux-gnu/4.8/lto-wrapper
Target: x86_64-linux-gnu
Configured with: ../src/configure -v --with-pkgversion='Ubuntu 4.8.2-19ubuntu1' --with-bugurl=file:///usr/share/doc/gcc-4.8/README.Bugs --enable-languages=c,c++,java,go,d,fortran,objc,obj-c++ --prefix=/usr --program-suffix=-4.8 --enable-shared --enable-linker-build-id --libexecdir=/usr/lib --without-included-gettext --enable-threads=posix --with-gxx-include-dir=/usr/include/c++/4.8 --libdir=/usr/lib --enable-nls --with-sysroot=/ --enable-clocale=gnu --enable-libstdcxx-debug --enable-libstdcxx-time=yes --enable-gnu-unique-object --disable-libmudflap --enable-plugin --with-system-zlib --disable-browser-plugin --enable-java-awt=gtk --enable-gtk-cairo --with-java-home=/usr/lib/jvm/java-1.5.0-gcj-4.8-amd64/jre --enable-java-home --with-jvm-root-dir=/usr/lib/jvm/java-1.5.0-gcj-4.8-amd64 --with-jvm-jar-dir=/usr/lib/jvm-exports/java-1.5.0-gcj-4.8-amd64 --with-arch-directory=amd64 --with-ecj-jar=/usr/share/java/eclipse-ecj.jar --enable-objc-gc --enable-multiarch --disable-werror --with-arch-32=i686 --with-abi=m64 --with-multilib-list=m32,m64,mx32 --with-tune=generic --enable-checking=release --build=x86_64-linux-gnu --host=x86_64-linux-gnu --target=x86_64-linux-gnu
Thread model: posix
gcc version 4.8.2 (Ubuntu 4.8.2-19ubuntu1) 
configure:3267: $? = 0
configure:3256: gcc -V >&5
gcc: error: unrecognized command line option '-V'
gcc: fatal error: no input files
compilation terminated.
configure:3267: $? = 4
configure:3256: gcc -qversion >&5
gcc: error: unrecognized command line option '-qversion'
gcc: fatal error: no input files
compilation terminated.
configure:3267: $? = 4
configure:3287: checking whether the C compiler works
configure:3309: gcc    conftest.c  >&5
configure:3313: $? = 0
configure:3361: result: yes
configure:3364: checking for C compiler default output file name
configure:3366: result: a.out
configure:3372: checking for suffix of executables
configure:3379: gcc -o conftest    conftest.c  >&5
configure:3383: $? = 0
configure:3405: result: 
configure:3427: checking whether we are cross compiling
configure:3435: gcc -o conftest    conftest.c  >&5
configure:3439: $? = 0
configure:3446: ./conftest
configure:3450: $? = 0
configure:3465: result: no
configure:3470: checking for suffix of object files
configure:3492: gcc -c   conftest.c >&5
configure:3496: $? = 0
configure:3517: result: o
configure:3521: checking whether we are using the GNU C compiler
configure:3540: gcc -c   conftest.c >&5
configure:3540: $? = 0
configure:3549: result: yes
configure:3558: checking whether gcc accepts -g
configure:3578: gcc -c -g  conftest.c >&5
configure:3578: $? = 0
configure:3619: result: yes
configure:3636: checking for gcc option to accept ISO C89
configure:3699: gcc  -c -g -O2  conftest.c >&5
configure:3699: $? = 0
configure:3712: result: none needed
configure:3737: checking whether gcc understands -c and -o together
configure:3759: gcc -c conftest.c -o conftest2.o
configure:3762: $? = 0
configure:3759: gcc -c conftest.c -o conftest2.o
configure:3762: $? = 0
configure:3774: result: yes
configure:3802: checking for style of include used by make
configure:3830: result: GNU
configure:3856: checking dependency style of gcc
configure:3967: result: gcc3
configure:3986: checking if gcc supports -Wno-dollar-in-identifier-extension flag
configure:4002: gcc -c -g -O2 -Wno-dollar-in-identifier-extension  conftest.c >&5
configure:4002: $? = 0
configure:4019: result: yes
configure:4078: checking for ar
configure:4094: found /usr/bin/ar
configure:4105: result: ar
configure:4131: checking the archiver (ar) interface
configure:4147: gcc -c -g -O2 -Wno-dollar-in-identifier-extension  conftest.c >&5
configure:4147: $? = 0
configure:4149: ar cru libconftest.a conftest.o >&5
configure:4152: $? = 0
configure:4180: result: ar
configure:4211: checking whether make supports nested variables
configure:4228: result: yes
configure:4285: checking how to print strings
configure:4312: result: printf
configure:4333: checking for a sed that does not truncate output
configure:4397: result: /bin/sed
configure:4415: checking for grep that handles long lines and -e
configure:4473: result: /bin/grep
configure:4478: checking for egrep
configure:4540: result: /bin/grep -E
configure:4545: checking for fgrep
configure:4607: result: /bin/grep -F
configure:4642: checking for ld used by gcc
configure:4709: result: /usr/bin/ld
configure:4716: checking if the linker (/usr/bin/ld) is GNU ld
configure:4731: result: yes
configure:4743: checking for BSD- or MS-compatible name lister (nm)
configure:4797: result: /usr/bin/nm -B
configure:4927: checking the name lister (/usr/bin/nm -B) interface
configure:4934: gcc -c -g -O2 -Wno-dollar-in-identifier-extension  conftest.c >&5
configure:4937: /usr/bin/nm -B "conftest.o"
configure:4940: output
0000000000000000 B some_variable
configure:4947: result: BSD nm
configure:4950: checking whether ln -s works
configure:4954: result: yes
configure:4962: checking the maximum length of command line arguments
configure:5093: result: 1572864
configure:5141: checking how to convert x86_64-unknown-linux-gnu file names to x86_64-unknown-linux-gnu format
configure:5181: result: func_convert_file_noop
configure:5188: checking how to convert x86_64-unknown-linux-gnu file names to toolchain format
configure:5208: result: func_convert_file_noop
configure:5215: checking for /usr/bin/ld option to reload object files
configure:5222: result: -r
configure:5296: checking for objdump
configure:5312: found /usr/bin/objdump
configure:5323: result: objdump
configure:5355: checking how to recognize dependent libraries
configure:5555: result: pass_all
configure:5640: checking for dlltool
configure:5670: result: no
configure:5700: checking how to associate runtime and link libraries
configure:5727: result: printf %s\n
configure:5851: checking for archiver @FILE support
configure:5868: gcc -c -g -O2 -Wno-dollar-in-identifier-extension  conftest.c >&5
configure:5868: $? = 0
configure:5871: ar cru libconftest.a @conftest.lst >&5
configure:5874: $? = 0
configure:5879: ar cru libconftest.a @conftest.lst >&5
ar: conftest.o: No such file or directory
configure:5882: $? = 1
configure:5894: result: @
configure:5952: checking for strip
configure:5968: found /usr/bin/strip
configure:5979: result: strip
configure:6051: checking for ranlib
configure:6067: found /usr/bin/ranlib
configure:6078: result: ranlib
configure:6180: checking command to parse /usr/bin/nm -B output from gcc object
configure:6333: gcc -c -g -O2 -Wno-dollar-in-identifier-extension  conftest.c >&5
configure:6336: $? = 0
configure:6340: /usr/bin/nm -B conftest.o \| sed -n -e 's/^.*[ ]\([ABCDGIRSTW][ABCDGIRSTW]*\)[ ][ ]*\([_A-Za-z][_A-Za-z0-9]*\)$/\1 \2 \2/p' | sed '/ __gnu_lto/d' \> conftest.nm
configure:6343: $? = 0
configure:6409: gcc -o conftest -g -O2 -Wno-dollar-in-identifier-extension   conftest.c conftstm.o >&5
configure:6412: $? = 0
configure:6450: result: ok
configure:6497: checking for sysroot
configure:6527: result: no
configure:6534: checking for a working dd
configure:6572: result: /bin/dd
configure:6576: checking how to truncate binary pipes
configure:6591: result: /bin/dd bs=4096 count=1
configure:6712: gcc -c -g -O2 -Wno-dollar-in-identifier-extension  conftest.c >&5
configure:6715: $? = 0
configure:6905: checking for mt
configure:6921: found /bin/mt
configure:6932: result: mt
configure:6955: checking if mt is a manifest tool
configure:6961: mt '-?'
configure:6969: result: no
configure:7611: checking how to run the C preprocessor
configure:7642: gcc -E  conftest.c
configure:7642: $? = 0
configure:7656: gcc -E  conftest.c
conftest.c:11:28: fatal error: ac_nonexistent.h: No such file or directory
 #include <ac_nonexistent.h>
                            ^
compilation terminated.
configure:7656: $? = 1
configure: failed program was:
| /* confdefs.h */
| #define PACKAGE_NAME "libuv"
| #define PACKAGE_TARNAME "libuv"
| #define PACKAGE_VERSION "1.1.0"
| #define PACKAGE_STRING "libuv 1.1.0"
| #define PACKAGE_BUGREPORT "https://github.com/libuv/libuv/issues"
| #define PACKAGE_URL ""
| #define PACKAGE "libuv"
| #define VERSION "1.1.0"
| /* end confdefs.h.  */
| #include <ac_nonexistent.h>
configure:7681: result: gcc -E
configure:7701: gcc -E  conftest.c
configure:7701: $? = 0
configure:7715: gcc -E  conftest.c
conftest.c:11:28: fatal error: ac_nonexistent.h: No such file or directory
 #include <ac_nonexistent.h>
                            ^
compilation terminated.
configure:7715: $? = 1
configure: failed program was:
| /* confdefs.h */
| #define PACKAGE_NAME "libuv"
| #define PACKAGE_TARNAME "libuv"
| #define PACKAGE_VERSION "1.1.0"
| #define PACKAGE_STRING "libuv 1.1.0"
| #define PACKAGE_BUGREPORT "https://github.com/libuv/libuv/issues"
| #define PACKAGE_URL ""
| #define PACKAGE "libuv"
| #define VERSION "1.1.0"
| /* end confdefs.h.  */
| #include <ac_nonexistent.h>
configure:7744: checking for ANSI C header files
configure:7764: gcc -c -g -O2 -Wno-dollar-in-identifier-extension  conftest.c >&5
configure:7764: $? = 0
configure:7837: gcc -o conftest -g -O2 -Wno-dollar-in-identifier-extension   conftest.c  >&5
configure:7837: $? = 0
configure:7837: ./conftest
configure:7837: $? = 0
configure:7848: result: yes
configure:7861: checking for sys/types.h
configure:7861: gcc -c -g -O2 -Wno-dollar-in-identifier-extension  conftest.c >&5
configure:7861: $? = 0
configure:7861: result: yes
configure:7861: checking for sys/stat.h
configure:7861: gcc -c -g -O2 -Wno-dollar-in-identifier-extension  conftest.c >&5
configure:7861: $? = 0
configure:7861: result: yes
configure:7861: checking for stdlib.h
configure:7861: gcc -c -g -O2 -Wno-dollar-in-identifier-extension  conftest.c >&5
configure:7861: $? = 0
configure:7861: result: yes
configure:7861: checking for string.h
configure:7861: gcc -c -g -O2 -Wno-dollar-in-identifier-extension  conftest.c >&5
configure:7861: $? = 0
configure:7861: result: yes
configure:7861: checking for memory.h
configure:7861: gcc -c -g -O2 -Wno-dollar-in-identifier-extension  conftest.c >&5
configure:7861: $? = 0
configure:7861: result: yes
configure:7861: checking for strings.h
configure:7861: gcc -c -g -O2 -Wno-dollar-in-identifier-extension  conftest.c >&5
configure:7861: $? = 0
configure:7861: result: yes
configure:7861: checking for inttypes.h
configure:7861: gcc -c -g -O2 -Wno-dollar-in-identifier-extension  conftest.c >&5
configure:7861: $? = 0
configure:7861: result: yes
configure:7861: checking for stdint.h
configure:7861: gcc -c -g -O2 -Wno-dollar-in-identifier-extension  conftest.c >&5
configure:7861: $? = 0
configure:7861: result: yes
configure:7861: checking for unistd.h
configure:7861: gcc -c -g -O2 -Wno-dollar-in-identifier-extension  conftest.c >&5
configure:7861: $? = 0
configure:7861: result: yes
configure:7875: checking for dlfcn.h
configure:7875: gcc -c -g -O2 -Wno-dollar-in-identifier-extension  conftest.c >&5
configure:7875: $? = 0
configure:7875: result: yes
configure:8071: checking for objdir
configure:8086: result: .libs
configure:8357: checking if gcc supports -fno-rtti -fno-exceptions
configure:8375: gcc -c -g -O2 -Wno-dollar-in-identifier-extension  -fno-rtti -fno-exceptions conftest.c >&5
cc1: warning: command line option '-fno-rtti' is valid for C++/ObjC++ but not for C [enabled by default]
cc1: warning: unrecognized command line option "-Wno-dollar-in-identifier-extension" [enabled by default]
configure:8379: $? = 0
configure:8392: result: no
configure:8750: checking for gcc option to produce PIC
configure:8757: result: -fPIC -DPIC
configure:8765: checking if gcc PIC flag -fPIC -DPIC works
configure:8783: gcc -c -g -O2 -Wno-dollar-in-identifier-extension  -fPIC -DPIC -DPIC conftest.c >&5
configure:8787: $? = 0
configure:8800: result: yes
configure:8829: checking if gcc static flag -static works
configure:8857: result: yes
configure:8872: checking if gcc supports -c -o file.o
configure:8893: gcc -c -g -O2 -Wno-dollar-in-identifier-extension  -o out/conftest2.o conftest.c >&5
configure:8897: $? = 0
configure:8919: result: yes
configure:8927: checking if gcc supports -c -o file.o
configure:8974: result: yes
configure:9007: checking whether the gcc linker (/usr/bin/ld -m elf_x86_64) supports shared libraries
configure:10266: result: yes
configure:10303: checking whether -lc should be explicitly linked in
configure:10311: gcc -c -g -O2 -Wno-dollar-in-identifier-extension  conftest.c >&5
configure:10314: $? = 0
configure:10329: gcc -shared  -fPIC -DPIC conftest.o  -v -Wl,-soname -Wl,conftest -o conftest 2\>\&1 \| /bin/grep  -lc  \>/dev/null 2\>\&1
configure:10332: $? = 0
configure:10346: result: no
configure:10506: checking dynamic linker characteristics
configure:11083: gcc -o conftest -g -O2 -Wno-dollar-in-identifier-extension   -Wl,-rpath -Wl,/foo conftest.c  >&5
configure:11083: $? = 0
configure:11315: result: GNU/Linux ld.so
configure:11422: checking how to hardcode library paths into programs
configure:11447: result: immediate
configure:11995: checking whether stripping libraries is possible
configure:12000: result: yes
configure:12035: checking if libtool supports shared libraries
configure:12037: result: yes
configure:12040: checking whether to build shared libraries
configure:12065: result: yes
configure:12068: checking whether to build static libraries
configure:12072: result: yes
configure:12110: checking for dlopen in -ldl
configure:12135: gcc -o conftest -g -O2 -Wno-dollar-in-identifier-extension   conftest.c -ldl   >&5
configure:12135: $? = 0
configure:12144: result: yes
configure:12155: checking for kstat_lookup in -lkstat
configure:12180: gcc -o conftest -g -O2 -Wno-dollar-in-identifier-extension   conftest.c -lkstat  -ldl  >&5
/usr/bin/ld: cannot find -lkstat
collect2: error: ld returned 1 exit status
configure:12180: $? = 1
configure: failed program was:
| /* confdefs.h */
| #define PACKAGE_NAME "libuv"
| #define PACKAGE_TARNAME "libuv"
| #define PACKAGE_VERSION "1.1.0"
| #define PACKAGE_STRING "libuv 1.1.0"
| #define PACKAGE_BUGREPORT "https://github.com/libuv/libuv/issues"
| #define PACKAGE_URL ""
| #define PACKAGE "libuv"
| #define VERSION "1.1.0"
| #define STDC_HEADERS 1
| #define HAVE_SYS_TYPES_H 1
| #define HAVE_SYS_STAT_H 1
| #define HAVE_STDLIB_H 1
| #define HAVE_STRING_H 1
| #define HAVE_MEMORY_H 1
| #define HAVE_STRINGS_H 1
| #define HAVE_INTTYPES_H 1
| #define HAVE_STDINT_H 1
| #define HAVE_UNISTD_H 1
| #define HAVE_DLFCN_H 1
| #define LT_OBJDIR ".libs/"
| #define HAVE_LIBDL 1
| /* end confdefs.h.  */
| 
| /* Override any GCC internal prototype to avoid an error.
|    Use char because int might match the return type of a GCC
|    builtin and then its argument prototype would still apply.  */
| #ifdef __cplusplus
| extern "C"
| #endif
| char kstat_lookup ();
| int
| main ()
| {
| return kstat_lookup ();
|   ;
|   return 0;
| }
configure:12189: result: no
configure:12200: checking for kvm_open in -lkvm
configure:12225: gcc -o conftest -g -O2 -Wno-dollar-in-identifier-extension   conftest.c -lkvm  -ldl  >&5
/usr/bin/ld: cannot find -lkvm
collect2: error: ld returned 1 exit status
configure:12225: $? = 1
configure: failed program was:
| /* confdefs.h */
| #define PACKAGE_NAME "libuv"
| #define PACKAGE_TARNAME "libuv"
| #define PACKAGE_VERSION "1.1.0"
| #define PACKAGE_STRING "libuv 1.1.0"
| #define PACKAGE_BUGREPORT "https://github.com/libuv/libuv/issues"
| #define PACKAGE_URL ""
| #define PACKAGE "libuv"
| #define VERSION "1.1.0"
| #define STDC_HEADERS 1
| #define HAVE_SYS_TYPES_H 1
| #define HAVE_SYS_STAT_H 1
| #define HAVE_STDLIB_H 1
| #define HAVE_STRING_H 1
| #define HAVE_MEMORY_H 1
| #define HAVE_STRINGS_H 1
| #define HAVE_INTTYPES_H 1
| #define HAVE_STDINT_H 1
| #define HAVE_UNISTD_H 1
| #define HAVE_DLFCN_H 1
| #define LT_OBJDIR ".libs/"
| #define HAVE_LIBDL 1
| /* end confdefs.h.  */
| 
| /* Override any GCC internal prototype to avoid an error.
|    Use char because int might match the return type of a GCC
|    builtin and then its argument prototype would still apply.  */
| #ifdef __cplusplus
| extern "C"
| #endif
| char kvm_open ();
| int
| main ()
| {
| return kvm_open ();
|   ;
|   return 0;
| }
configure:12234: result: no
configure:12245: checking for gethostbyname in -lnsl
configure:12270: gcc -o conftest -g -O2 -Wno-dollar-in-identifier-extension   conftest.c -lnsl  -ldl  >&5
configure:12270: $? = 0
configure:12279: result: yes
configure:12290: checking for perfstat_cpu in -lperfstat
configure:12315: gcc -o conftest -g -O2 -Wno-dollar-in-identifier-extension   conftest.c -lperfstat  -lnsl -ldl  >&5
/usr/bin/ld: cannot find -lperfstat
collect2: error: ld returned 1 exit status
configure:12315: $? = 1
configure: failed program was:
| /* confdefs.h */
| #define PACKAGE_NAME "libuv"
| #define PACKAGE_TARNAME "libuv"
| #define PACKAGE_VERSION "1.1.0"
| #define PACKAGE_STRING "libuv 1.1.0"
| #define PACKAGE_BUGREPORT "https://github.com/libuv/libuv/issues"
| #define PACKAGE_URL ""
| #define PACKAGE "libuv"
| #define VERSION "1.1.0"
| #define STDC_HEADERS 1
| #define HAVE_SYS_TYPES_H 1
| #define HAVE_SYS_STAT_H 1
| #define HAVE_STDLIB_H 1
| #define HAVE_STRING_H 1
| #define HAVE_MEMORY_H 1
| #define HAVE_STRINGS_H 1
| #define HAVE_INTTYPES_H 1
| #define HAVE_STDINT_H 1
| #define HAVE_UNISTD_H 1
| #define HAVE_DLFCN_H 1
| #define LT_OBJDIR ".libs/"
| #define HAVE_LIBDL 1
| #define HAVE_LIBNSL 1
| /* end confdefs.h.  */
| 
| /* Override any GCC internal prototype to avoid an error.
|    Use char because int might match the return type of a GCC
|    builtin and then its argument prototype would still apply.  */
| #ifdef __cplusplus
| extern "C"
| #endif
| char perfstat_cpu ();
| int
| main ()
| {
| return perfstat_cpu ();
|   ;
|   return 0;
| }
configure:12324: result: no
configure:12335: checking for pthread_mutex_init in -lpthread
configure:12360: gcc -o conftest -g -O2 -Wno-dollar-in-identifier-extension   conftest.c -lpthread  -lnsl -ldl  >&5
configure:12360: $? = 0
configure:12369: result: yes
configure:12380: checking for clock_gettime in -lrt
configure:12405: gcc -o conftest -g -O2 -Wno-dollar-in-identifier-extension   conftest.c -lrt  -lpthread -lnsl -ldl  >&5
configure:12405: $? = 0
configure:12414: result: yes
configure:12425: checking for sendfile in -lsendfile
configure:12450: gcc -o conftest -g -O2 -Wno-dollar-in-identifier-extension   conftest.c -lsendfile  -lrt -lpthread -lnsl -ldl  >&5
/usr/bin/ld: cannot find -lsendfile
collect2: error: ld returned 1 exit status
configure:12450: $? = 1
configure: failed program was:
| /* confdefs.h */
| #define PACKAGE_NAME "libuv"
| #define PACKAGE_TARNAME "libuv"
| #define PACKAGE_VERSION "1.1.0"
| #define PACKAGE_STRING "libuv 1.1.0"
| #define PACKAGE_BUGREPORT "https://github.com/libuv/libuv/issues"
| #define PACKAGE_URL ""
| #define PACKAGE "libuv"
| #define VERSION "1.1.0"
| #define STDC_HEADERS 1
| #define HAVE_SYS_TYPES_H 1
| #define HAVE_SYS_STAT_H 1
| #define HAVE_STDLIB_H 1
| #define HAVE_STRING_H 1
| #define HAVE_MEMORY_H 1
| #define HAVE_STRINGS_H 1
| #define HAVE_INTTYPES_H 1
| #define HAVE_STDINT_H 1
| #define HAVE_UNISTD_H 1
| #define HAVE_DLFCN_H 1
| #define LT_OBJDIR ".libs/"
| #define HAVE_LIBDL 1
| #define HAVE_LIBNSL 1
| #define HAVE_LIBPTHREAD 1
| #define HAVE_LIBRT 1
| /* end confdefs.h.  */
| 
| /* Override any GCC internal prototype to avoid an error.
|    Use char because int might match the return type of a GCC
|    builtin and then its argument prototype would still apply.  */
| #ifdef __cplusplus
| extern "C"
| #endif
| char sendfile ();
| int
| main ()
| {
| return sendfile ();
|   ;
|   return 0;
| }
configure:12459: result: no
configure:12470: checking for socket in -lsocket
configure:12495: gcc -o conftest -g -O2 -Wno-dollar-in-identifier-extension   conftest.c -lsocket  -lrt -lpthread -lnsl -ldl  >&5
/usr/bin/ld: cannot find -lsocket
collect2: error: ld returned 1 exit status
configure:12495: $? = 1
configure: failed program was:
| /* confdefs.h */
| #define PACKAGE_NAME "libuv"
| #define PACKAGE_TARNAME "libuv"
| #define PACKAGE_VERSION "1.1.0"
| #define PACKAGE_STRING "libuv 1.1.0"
| #define PACKAGE_BUGREPORT "https://github.com/libuv/libuv/issues"
| #define PACKAGE_URL ""
| #define PACKAGE "libuv"
| #define VERSION "1.1.0"
| #define STDC_HEADERS 1
| #define HAVE_SYS_TYPES_H 1
| #define HAVE_SYS_STAT_H 1
| #define HAVE_STDLIB_H 1
| #define HAVE_STRING_H 1
| #define HAVE_MEMORY_H 1
| #define HAVE_STRINGS_H 1
| #define HAVE_INTTYPES_H 1
| #define HAVE_STDINT_H 1
| #define HAVE_UNISTD_H 1
| #define HAVE_DLFCN_H 1
| #define LT_OBJDIR ".libs/"
| #define HAVE_LIBDL 1
| #define HAVE_LIBNSL 1
| #define HAVE_LIBPTHREAD 1
| #define HAVE_LIBRT 1
| /* end confdefs.h.  */
| 
| /* Override any GCC internal prototype to avoid an error.
|    Use char because int might match the return type of a GCC
|    builtin and then its argument prototype would still apply.  */
| #ifdef __cplusplus
| extern "C"
| #endif
| char socket ();
| int
| main ()
| {
| return socket ();
|   ;
|   return 0;
| }
configure:12504: result: no
configure:12522: checking for special C compiler options needed for large files
configure:12567: result: no
configure:12573: checking for _FILE_OFFSET_BITS value needed for large files
configure:12598: gcc -c -g -O2 -Wno-dollar-in-identifier-extension  conftest.c >&5
configure:12598: $? = 0
configure:12630: result: no
configure:12827: checking for pkg-config
configure:12843: found /usr/bin/pkg-config
configure:12854: result: yes
configure:13023: checking that generated files are newer than configure
configure:13029: result: done
configure:13096: creating ./config.status

## ---------------------- ##
## Running config.status. ##
## ---------------------- ##

This file was extended by libuv config.status 1.1.0, which was
generated by GNU Autoconf 2.69.  Invocation command line was

  CONFIG_FILES    = 
  CONFIG_HEADERS  = 
  CONFIG_LINKS    = 
  CONFIG_COMMANDS = 
  $ ./config.status 

on michael-ubuntu

config.status:1025: creating libuv.pc
config.status:1025: creating Makefile
config.status:1197: executing depfiles commands
config.status:1197: executing libtool commands

## ---------------- ##
## Cache variables. ##
## ---------------- ##

ac_cv_build=x86_64-unknown-linux-gnu
ac_cv_c_compiler_gnu=yes
ac_cv_env_CC_set=
ac_cv_env_CC_value=
ac_cv_env_CFLAGS_set=
ac_cv_env_CFLAGS_value=
ac_cv_env_CPPFLAGS_set=
ac_cv_env_CPPFLAGS_value=
ac_cv_env_CPP_set=
ac_cv_env_CPP_value=
ac_cv_env_LDFLAGS_set=
ac_cv_env_LDFLAGS_value=
ac_cv_env_LIBS_set=
ac_cv_env_LIBS_value=
ac_cv_env_build_alias_set=
ac_cv_env_build_alias_value=
ac_cv_env_host_alias_set=
ac_cv_env_host_alias_value=
ac_cv_env_target_alias_set=
ac_cv_env_target_alias_value=
ac_cv_header_dlfcn_h=yes
ac_cv_header_inttypes_h=yes
ac_cv_header_memory_h=yes
ac_cv_header_stdc=yes
ac_cv_header_stdint_h=yes
ac_cv_header_stdlib_h=yes
ac_cv_header_string_h=yes
ac_cv_header_strings_h=yes
ac_cv_header_sys_stat_h=yes
ac_cv_header_sys_types_h=yes
ac_cv_header_unistd_h=yes
ac_cv_host=x86_64-unknown-linux-gnu
ac_cv_lib_dl_dlopen=yes
ac_cv_lib_kstat_kstat_lookup=no
ac_cv_lib_kvm_kvm_open=no
ac_cv_lib_nsl_gethostbyname=yes
ac_cv_lib_perfstat_perfstat_cpu=no
ac_cv_lib_pthread_pthread_mutex_init=yes
ac_cv_lib_rt_clock_gettime=yes
ac_cv_lib_sendfile_sendfile=no
ac_cv_lib_socket_socket=no
ac_cv_objext=o
ac_cv_path_EGREP='/bin/grep -E'
ac_cv_path_FGREP='/bin/grep -F'
ac_cv_path_GREP=/bin/grep
ac_cv_path_SED=/bin/sed
ac_cv_path_install='/usr/bin/install -c'
ac_cv_path_lt_DD=/bin/dd
ac_cv_path_mkdir=/bin/mkdir
ac_cv_prog_AWK=gawk
ac_cv_prog_CPP='gcc -E'
ac_cv_prog_PKG_CONFIG=yes
ac_cv_prog_ac_ct_AR=ar
ac_cv_prog_ac_ct_CC=gcc
ac_cv_prog_ac_ct_MANIFEST_TOOL=mt
ac_cv_prog_ac_ct_OBJDUMP=objdump
ac_cv_prog_ac_ct_RANLIB=ranlib
ac_cv_prog_ac_ct_STRIP=strip
ac_cv_prog_cc_c89=
ac_cv_prog_cc_g=yes
ac_cv_prog_make_make_set=yes
ac_cv_sys_file_offset_bits=no
ac_cv_sys_largefile_CC=no
am_cv_CC_dependencies_compiler_type=gcc3
am_cv_ar_interface=ar
am_cv_make_support_nested_variables=yes
am_cv_prog_cc_c_o=yes
cc_cv_cflags__Wno_dollar_in_identifier_extension=yes
lt_cv_ar_at_file=@
lt_cv_archive_cmds_need_lc=no
lt_cv_deplibs_check_method=pass_all
lt_cv_file_magic_cmd='$MAGIC_CMD'
lt_cv_file_magic_test_file=
lt_cv_ld_reload_flag=-r
lt_cv_nm_interface='BSD nm'
lt_cv_objdir=.libs
lt_cv_path_LD=/usr/bin/ld
lt_cv_path_NM='/usr/bin/nm -B'
lt_cv_path_mainfest_tool=no
lt_cv_prog_compiler_c_o=yes
lt_cv_prog_compiler_pic='-fPIC -DPIC'
lt_cv_prog_compiler_pic_works=yes
lt_cv_prog_compiler_rtti_exceptions=no
lt_cv_prog_compiler_static_works=yes
lt_cv_prog_gnu_ld=yes
lt_cv_sharedlib_from_linklib_cmd='printf %s\n'
lt_cv_shlibpath_overrides_runpath=no
lt_cv_sys_global_symbol_pipe='sed -n -e '\''s/^.*[	 ]\([ABCDGIRSTW][ABCDGIRSTW]*\)[	 ][	 ]*\([_A-Za-z][_A-Za-z0-9]*\)$/\1 \2 \2/p'\'' | sed '\''/ __gnu_lto/d'\'''
lt_cv_sys_global_symbol_to_c_name_address='sed -n -e '\''s/^: \(.*\) .*$/  {"\1", (void *) 0},/p'\'' -e '\''s/^[ABCDGIRSTW][ABCDGIRSTW]* .* \(.*\)$/  {"\1", (void *) \&\1},/p'\'''
lt_cv_sys_global_symbol_to_c_name_address_lib_prefix='sed -n -e '\''s/^: \(.*\) .*$/  {"\1", (void *) 0},/p'\'' -e '\''s/^[ABCDGIRSTW][ABCDGIRSTW]* .* \(lib.*\)$/  {"\1", (void *) \&\1},/p'\'' -e '\''s/^[ABCDGIRSTW][ABCDGIRSTW]* .* \(.*\)$/  {"lib\1", (void *) \&\1},/p'\'''
lt_cv_sys_global_symbol_to_cdecl='sed -n -e '\''s/^T .* \(.*\)$/extern int \1();/p'\'' -e '\''s/^[ABCDGIRSTW][ABCDGIRSTW]* .* \(.*\)$/extern char \1;/p'\'''
lt_cv_sys_global_symbol_to_import=
lt_cv_sys_max_cmd_len=1572864
lt_cv_to_host_file_cmd=func_convert_file_noop
lt_cv_to_tool_file_cmd=func_convert_file_noop
lt_cv_truncate_bin='/bin/dd bs=4096 count=1'

## ----------------- ##
## Output variables. ##
## ----------------- ##

ACLOCAL='${SHELL} /home/michael/Projects/fleaux/deps/libuv/src/missing aclocal-1.14'
AIX_FALSE=''
AIX_TRUE='#'
AMDEPBACKSLASH='\'
AMDEP_FALSE='#'
AMDEP_TRUE=''
AMTAR='$${TAR-tar}'
AM_BACKSLASH='\'
AM_DEFAULT_V='$(AM_DEFAULT_VERBOSITY)'
AM_DEFAULT_VERBOSITY='0'
AM_V='$(V)'
ANDROID_FALSE=''
ANDROID_TRUE='#'
AR='ar'
AUTOCONF='${SHELL} /home/michael/Projects/fleaux/deps/libuv/src/missing autoconf'
AUTOHEADER='${SHELL} /home/michael/Projects/fleaux/deps/libuv/src/missing autoheader'
AUTOMAKE='${SHELL} /home/michael/Projects/fleaux/deps/libuv/src/missing automake-1.14'
AWK='gawk'
CC='gcc'
CCDEPMODE='depmode=gcc3'
CFLAGS='-g -O2 -Wno-dollar-in-identifier-extension'
CPP='gcc -E'
CPPFLAGS=''
CYGPATH_W='echo'
DARWIN_FALSE=''
DARWIN_TRUE='#'
DEFS='-DPACKAGE_NAME=\"libuv\" -DPACKAGE_TARNAME=\"libuv\" -DPACKAGE_VERSION=\"1.1.0\" -DPACKAGE_STRING=\"libuv\ 1.1.0\" -DPACKAGE_BUGREPORT=\"https://github.com/libuv/libuv/issues\" -DPACKAGE_URL=\"\" -DPACKAGE=\"libuv\" -DVERSION=\"1.1.0\" -DSTDC_HEADERS=1 -DHAVE_SYS_TYPES_H=1 -DHAVE_SYS_STAT_H=1 -DHAVE_STDLIB_H=1 -DHAVE_STRING_H=1 -DHAVE_MEMORY_H=1 -DHAVE_STRINGS_H=1 -DHAVE_INTTYPES_H=1 -DHAVE_STDINT_H=1 -DHAVE_UNISTD_H=1 -DHAVE_DLFCN_H=1 -DLT_OBJDIR=\".libs/\" -DHAVE_LIBDL=1 -DHAVE_LIBNSL=1 -DHAVE_LIBPTHREAD=1 -DHAVE_LIBRT=1'
DEPDIR='.deps'
DLLTOOL='false'
DRAGONFLY_FALSE=''
DRAGONFLY_TRUE='#'
DSYMUTIL=''
DUMPBIN=''
ECHO_C=''
ECHO_N='-n'
ECHO_T=''
EGREP='/bin/grep -E'
EXEEXT=''
FGREP='/bin/grep -F'
FREEBSD_FALSE=''
FREEBSD_TRUE='#'
GREP='/bin/grep'
HAVE_PKG_CONFIG_FALSE='#'
HAVE_PKG_CONFIG_TRUE=''
INSTALL_DATA='${INSTALL} -m 644'
INSTALL_PROGRAM='${INSTALL}'
INSTALL_SCRIPT='${INSTALL}'
INSTALL_STRIP_PROGRAM='$(install_sh) -c -s'
LD='/usr/bin/ld -m elf_x86_64'
LDFLAGS=''
LIBOBJS=''
LIBS='-lrt -lpthread -lnsl -ldl '
LIBTOOL='$(SHELL) $(top_builddir)/libtool'
LINUX_FALSE='#'
LINUX_TRUE=''
LIPO=''
LN_S='ln -s'
LTLIBOBJS=''
MAKEINFO='${SHELL} /home/michael/Projects/fleaux/deps/libuv/src/missing makeinfo'
MANIFEST_TOOL=':'
MKDIR_P='/bin/mkdir -p'
NETBSD_FALSE=''
NETBSD_TRUE='#'
NM='/usr/bin/nm -B'
NMEDIT=''
OBJDUMP='objdump'
OBJEXT='o'
OPENBSD_FALSE=''
OPENBSD_TRUE='#'
OTOOL64=''
OTOOL=''
PACKAGE='libuv'
PACKAGE_BUGREPORT='https://github.com/libuv/libuv/issues'
PACKAGE_NAME='libuv'
PACKAGE_STRING='libuv 1.1.0'
PACKAGE_TARNAME='libuv'
PACKAGE_URL=''
PACKAGE_VERSION='1.1.0'
PATH_SEPARATOR=':'
PKG_CONFIG='yes'
RANLIB='ranlib'
SED='/bin/sed'
SET_MAKE=''
SHELL='/bin/bash'
STRIP='strip'
SUNOS_FALSE=''
SUNOS_TRUE='#'
VERSION='1.1.0'
WINNT_FALSE=''
WINNT_TRUE='#'
ac_ct_AR='ar'
ac_ct_CC='gcc'
ac_ct_DUMPBIN=''
am__EXEEXT_FALSE=''
am__EXEEXT_TRUE='#'
am__fastdepCC_FALSE='#'
am__fastdepCC_TRUE=''
am__include='include'
am__isrc=''
am__leading_dot='.'
am__nodep='_no'
am__quote=''
am__tar='$${TAR-tar} chof - "$$tardir"'
am__untar='$${TAR-tar} xf -'
bindir='${exec_prefix}/bin'
build='x86_64-unknown-linux-gnu'
build_alias=''
build_cpu='x86_64'
build_os='linux-gnu'
build_vendor='unknown'
datadir='${datarootdir}'
datarootdir='${prefix}/share'
docdir='${datarootdir}/doc/${PACKAGE_TARNAME}'
dvidir='${docdir}'
exec_prefix='${prefix}'
host='x86_64-unknown-linux-gnu'
host_alias=''
host_cpu='x86_64'
host_os='linux-gnu'
host_vendor='unknown'
htmldir='${docdir}'
includedir='${prefix}/include'
infodir='${datarootdir}/info'
install_sh='${SHELL} /home/michael/Projects/fleaux/deps/libuv/src/install-sh'
libdir='${exec_prefix}/lib'
libexecdir='${exec_prefix}/libexec'
localedir='${datarootdir}/locale'
localstatedir='${prefix}/var'
mandir='${datarootdir}/man'
mkdir_p='$(MKDIR_P)'
oldincludedir='/usr/include'
pdfdir='${docdir}'
prefix='/usr/local'
program_transform_name='s,x,x,'
psdir='${docdir}'
sbindir='${exec_prefix}/sbin'
sharedstatedir='${prefix}/com'
sysconfdir='${prefix}/etc'
target_alias=''

## ----------- ##
## confdefs.h. ##
## ----------- ##

/* confdefs.h */
#define PACKAGE_NAME "libuv"
#define PACKAGE_TARNAME "libuv"
#define PACKAGE_VERSION "1.1.0"
#define PACKAGE_STRING "libuv 1.1.0"
#define PACKAGE_BUGREPORT "https://github.com/libuv/libuv/issues"
#define PACKAGE_URL ""
#define PACKAGE "libuv"
#define VERSION "1.1.0"
#define STDC_HEADERS 1
#define HAVE_SYS_TYPES_H 1
#define HAVE_SYS_STAT_H 1
#define HAVE_STDLIB_H 1
#define HAVE_STRING_H 1
#define HAVE_MEMORY_H 1
#define HAVE_STRINGS_H 1
#define HAVE_INTTYPES_H 1
#define HAVE_STDINT_H 1
#define HAVE_UNISTD_H 1
#define HAVE_DLFCN_H 1
#define LT_OBJDIR ".libs/"
#define HAVE_LIBDL 1
#define HAVE_LIBNSL 1
#define HAVE_LIBPTHREAD 1
#define HAVE_LIBRT 1

configure: exit 0
